title=Work in Progress
npm warn Unknown project config "enable-pre-post-scripts". This will stop working in the next major version of npm.
[error] Failed to create content

---
title=A Weekend with a Side Project
npm warn Unknown project config "enable-pre-post-scripts". This will stop working in the next major version of npm.
[error] Failed to create content

---
title=Designing with Constraints
npm warn Unknown project config "enable-pre-post-scripts". This will stop working in the next major version of npm.
[error] Failed to create content

---
title=Small Tools, Big Impact
npm warn Unknown project config "enable-pre-post-scripts". This will stop working in the next major version of npm.
[error] Failed to create content

---
title=Learning in Public
npm warn Unknown project config "enable-pre-post-scripts". This will stop working in the next major version of npm.
[error] Failed to create content

---
title=The Case for Static
npm warn Unknown project config "enable-pre-post-scripts". This will stop working in the next major version of npm.
[error] Failed to create content

---
